<?xml version="1.0" encoding="UTF-8"?>
<testng-results ignored="0" total="1" passed="1" failed="0" skipped="0">
  <reporter-output>
  </reporter-output>
  <suite started-at="2023-09-06T17:51:43 IST" name="Default suite" finished-at="2023-09-06T17:52:07 IST" duration-ms="23967">
    <groups>
    </groups>
    <test started-at="2023-09-06T17:51:43 IST" name="Default test" finished-at="2023-09-06T17:52:07 IST" duration-ms="23967">
      <class name="prac.PrintTest">
        <test-method signature="trialTest()[pri:0, instance:prac.PrintTest@563f38c4]" started-at="2023-09-06T17:51:43 IST" name="trialTest" finished-at="2023-09-06T17:52:07 IST" duration-ms="23886" status="PASS">
          <reporter-output>
          </reporter-output>
        </test-method> <!-- trialTest -->
      </class> <!-- prac.PrintTest -->
    </test> <!-- Default test -->
  </suite> <!-- Default suite -->
</testng-results>
