<?xml version="1.0" encoding="UTF-8"?>
<testng-results ignored="0" total="1" passed="1" failed="0" skipped="0">
  <reporter-output>
  </reporter-output>
  <suite started-at="2023-09-01T08:50:03 IST" name="Default suite" finished-at="2023-09-01T08:50:29 IST" duration-ms="25825">
    <groups>
    </groups>
    <test started-at="2023-09-01T08:50:03 IST" name="Default test" finished-at="2023-09-01T08:50:29 IST" duration-ms="25825">
      <class name="prac.PrintTest">
        <test-method signature="trialTest()[pri:0, instance:prac.PrintTest@6fdbe764]" started-at="2023-09-01T08:50:03 IST" name="trialTest" finished-at="2023-09-01T08:50:29 IST" duration-ms="25730" status="PASS">
          <reporter-output>
          </reporter-output>
        </test-method> <!-- trialTest -->
      </class> <!-- prac.PrintTest -->
    </test> <!-- Default test -->
  </suite> <!-- Default suite -->
</testng-results>
